<?xml version="1.0" encoding="UTF-8"?>
<!-- Generated by org.testng.reporters.JUnitReportReporter -->
<testsuite hostname="LAPTOP-FTMD2V76" failures="0" tests="1" name="gitPracticeSelenium.Practice1" time="0.012" errors="0" timestamp="2024-11-16T08:57:59 IST" skipped="0">
  <testcase classname="gitPracticeSelenium.Practice1" name="sample" time="0.012"/>
</testsuite> <!-- gitPracticeSelenium.Practice1 -->
