<?xml version="1.0" encoding="UTF-8"?>
<!-- Generated by org.testng.reporters.JUnitReportReporter -->
<testsuite hostname="LAPTOP-FTMD2V76" failures="0" tests="1" name="gitPracticeSelenium.demo" time="0.014" errors="0" timestamp="2024-11-15T10:28:11 IST" skipped="0">
  <testcase classname="gitPracticeSelenium.demo" name="sample" time="0.014"/>
</testsuite> <!-- gitPracticeSelenium.demo -->
